<?xml version="1.0" encoding="UTF-8"?>
<testng-results skipped="0" failed="1" ignored="0" total="4" passed="3">
  <reporter-output>
  </reporter-output>
  <suite name="Suite" duration-ms="106410" started-at="2021-09-12T19:06:14 IST" finished-at="2021-09-12T19:08:00 IST">
    <groups>
    </groups>
    <test name="Validating Navigationbar" duration-ms="26298" started-at="2021-09-12T19:06:14 IST" finished-at="2021-09-12T19:06:40 IST">
      <class name="E2E.E2EProject.ValidateNavigationBar">
        <test-method status="PASS" signature="initialize()[pri:0, instance:E2E.E2EProject.ValidateNavigationBar@302552ec]" name="initialize" is-config="true" duration-ms="25251" started-at="2021-09-12T19:06:14 IST" finished-at="2021-09-12T19:06:39 IST">
          <reporter-output>
          </reporter-output>
        </test-method> <!-- initialize -->
        <test-method status="PASS" signature="basepageNavigation()[pri:0, instance:E2E.E2EProject.ValidateNavigationBar@302552ec]" name="basepageNavigation" duration-ms="346" started-at="2021-09-12T19:06:39 IST" finished-at="2021-09-12T19:06:39 IST">
          <reporter-output>
          </reporter-output>
        </test-method> <!-- basepageNavigation -->
        <test-method status="PASS" signature="teardown()[pri:0, instance:E2E.E2EProject.ValidateNavigationBar@302552ec]" name="teardown" is-config="true" duration-ms="509" started-at="2021-09-12T19:06:39 IST" finished-at="2021-09-12T19:06:40 IST">
          <reporter-output>
          </reporter-output>
        </test-method> <!-- teardown -->
      </class> <!-- E2E.E2EProject.ValidateNavigationBar -->
    </test> <!-- Validating Navigationbar -->
    <test name="Validating Apptest" duration-ms="1" started-at="2021-09-12T19:06:40 IST" finished-at="2021-09-12T19:06:40 IST">
    </test> <!-- Validating Apptest -->
    <test name="Validating Title" duration-ms="28488" started-at="2021-09-12T19:06:40 IST" finished-at="2021-09-12T19:07:08 IST">
      <class name="E2E.E2EProject.ValidateTitle">
        <test-method status="FAIL" signature="basepageNavigation()[pri:0, instance:E2E.E2EProject.ValidateTitle@2de23121]" name="basepageNavigation" duration-ms="26052" started-at="2021-09-12T19:06:40 IST" finished-at="2021-09-12T19:07:06 IST">
          <exception class="java.lang.AssertionError">
            <message>
              <![CDATA[expected [FEATURED COURSES123] but found [FEATURED COURSES]]]>
            </message>
            <full-stacktrace>
              <![CDATA[java.lang.AssertionError: expected [FEATURED COURSES123] but found [FEATURED COURSES]
at org.testng.Assert.fail(Assert.java:99)
at org.testng.Assert.failNotEquals(Assert.java:1037)
at org.testng.Assert.assertEqualsImpl(Assert.java:140)
at org.testng.Assert.assertEquals(Assert.java:122)
at org.testng.Assert.assertEquals(Assert.java:629)
at org.testng.Assert.assertEquals(Assert.java:639)
at E2E.E2EProject.ValidateTitle.basepageNavigation(ValidateTitle.java:39)
at sun.reflect.NativeMethodAccessorImpl.invoke0(Native Method)
at sun.reflect.NativeMethodAccessorImpl.invoke(NativeMethodAccessorImpl.java:62)
at sun.reflect.DelegatingMethodAccessorImpl.invoke(DelegatingMethodAccessorImpl.java:43)
at java.lang.reflect.Method.invoke(Method.java:498)
at org.testng.internal.MethodInvocationHelper.invokeMethod(MethodInvocationHelper.java:133)
at org.testng.internal.TestInvoker.invokeMethod(TestInvoker.java:598)
at org.testng.internal.TestInvoker.invokeTestMethod(TestInvoker.java:173)
at org.testng.internal.MethodRunner.runInSequence(MethodRunner.java:46)
at org.testng.internal.TestInvoker$MethodInvocationAgent.invoke(TestInvoker.java:824)
at org.testng.internal.TestInvoker.invokeTestMethods(TestInvoker.java:146)
at org.testng.internal.TestMethodWorker.invokeTestMethods(TestMethodWorker.java:146)
at org.testng.internal.TestMethodWorker.run(TestMethodWorker.java:128)
at java.util.ArrayList.forEach(ArrayList.java:1249)
at org.testng.TestRunner.privateRun(TestRunner.java:794)
at org.testng.TestRunner.run(TestRunner.java:596)
at org.testng.SuiteRunner.runTest(SuiteRunner.java:377)
at org.testng.SuiteRunner.runSequentially(SuiteRunner.java:371)
at org.testng.SuiteRunner.privateRun(SuiteRunner.java:332)
at org.testng.SuiteRunner.run(SuiteRunner.java:276)
at org.testng.SuiteRunnerWorker.runSuite(SuiteRunnerWorker.java:53)
at org.testng.SuiteRunnerWorker.run(SuiteRunnerWorker.java:96)
at org.testng.TestNG.runSuitesSequentially(TestNG.java:1212)
at org.testng.TestNG.runSuitesLocally(TestNG.java:1134)
at org.testng.TestNG.runSuites(TestNG.java:1063)
at org.testng.TestNG.run(TestNG.java:1031)
at org.apache.maven.surefire.testng.TestNGExecutor.run(TestNGExecutor.java:295)
at org.apache.maven.surefire.testng.TestNGXmlTestSuite.execute(TestNGXmlTestSuite.java:84)
at org.apache.maven.surefire.testng.TestNGProvider.invoke(TestNGProvider.java:90)
at org.apache.maven.surefire.booter.ForkedBooter.invokeProviderInSameClassLoader(ForkedBooter.java:203)
at org.apache.maven.surefire.booter.ForkedBooter.runSuitesInProcess(ForkedBooter.java:155)
at org.apache.maven.surefire.booter.ForkedBooter.main(ForkedBooter.java:103)
]]>
            </full-stacktrace>
          </exception> <!-- java.lang.AssertionError -->
          <reporter-output>
          </reporter-output>
        </test-method> <!-- basepageNavigation -->
        <test-method status="PASS" signature="teardown()[pri:0, instance:E2E.E2EProject.ValidateTitle@2de23121]" name="teardown" is-config="true" duration-ms="1075" started-at="2021-09-12T19:07:07 IST" finished-at="2021-09-12T19:07:08 IST">
          <reporter-output>
          </reporter-output>
        </test-method> <!-- teardown -->
      </class> <!-- E2E.E2EProject.ValidateTitle -->
    </test> <!-- Validating Title -->
    <test name="Validating user login" duration-ms="51507" started-at="2021-09-12T19:07:08 IST" finished-at="2021-09-12T19:08:00 IST">
      <class name="E2E.E2EProject.HomePage">
        <test-method status="PASS" signature="initialize()[pri:0, instance:E2E.E2EProject.HomePage@13b6aecc]" name="initialize" is-config="true" duration-ms="23907" started-at="2021-09-12T19:07:08 IST" finished-at="2021-09-12T19:07:32 IST">
          <reporter-output>
          </reporter-output>
        </test-method> <!-- initialize -->
        <test-method status="PASS" signature="basepageNavigation(java.lang.String,java.lang.String,java.lang.String)[pri:0, instance:E2E.E2EProject.HomePage@13b6aecc]" name="basepageNavigation" duration-ms="12480" started-at="2021-09-12T19:07:32 IST" data-provider="getData" finished-at="2021-09-12T19:07:45 IST">
          <params>
            <param index="0">
              <value>
                <![CDATA[nonresticteduser@qa.com]]>
              </value>
            </param>
            <param index="1">
              <value>
                <![CDATA[123456]]>
              </value>
            </param>
            <param index="2">
              <value>
                <![CDATA[Resticted User]]>
              </value>
            </param>
          </params>
          <reporter-output>
          </reporter-output>
        </test-method> <!-- basepageNavigation -->
        <test-method status="PASS" signature="basepageNavigation(java.lang.String,java.lang.String,java.lang.String)[pri:0, instance:E2E.E2EProject.HomePage@13b6aecc]" name="basepageNavigation" duration-ms="13013" started-at="2021-09-12T19:07:45 IST" data-provider="getData" finished-at="2021-09-12T19:07:58 IST">
          <params>
            <param index="0">
              <value>
                <![CDATA[resticteduser@qa.com]]>
              </value>
            </param>
            <param index="1">
              <value>
                <![CDATA[456789]]>
              </value>
            </param>
            <param index="2">
              <value>
                <![CDATA[Non resticted User]]>
              </value>
            </param>
          </params>
          <reporter-output>
          </reporter-output>
        </test-method> <!-- basepageNavigation -->
        <test-method status="PASS" signature="teardown()[pri:0, instance:E2E.E2EProject.HomePage@13b6aecc]" name="teardown" is-config="true" duration-ms="2091" started-at="2021-09-12T19:07:58 IST" finished-at="2021-09-12T19:08:00 IST">
          <reporter-output>
          </reporter-output>
        </test-method> <!-- teardown -->
      </class> <!-- E2E.E2EProject.HomePage -->
    </test> <!-- Validating user login -->
  </suite> <!-- Suite -->
</testng-results>
